Flow report for div5
Thu Aug 31 16:11:46 2017
Quartus II 32-bit Version 12.1 Build 243 01/31/2013 Service Pack 1.33 SJ Full Version


---------------------
; Table of Contents ;
---------------------
  1. Legal Notice
  2. Flow Summary
  3. Flow Settings
  4. Flow Non-Default Global Settings
  5. Flow Elapsed Time
  6. Flow OS Summary
  7. Flow Log



----------------
; Legal Notice ;
----------------
Copyright (C) 1991-2012 Altera Corporation
Your use of Altera Corporation's design tools, logic functions 
and other software and tools, and its AMPP partner logic 
functions, and any output files from any of the foregoing 
(including device programming or simulation files), and any 
associated documentation or information are expressly subject 
to the terms and conditions of the Altera Program License 
Subscription Agreement, Altera MegaCore Function License 
Agreement, or other applicable license agreement, including, 
without limitation, that your use is for the sole purpose of 
programming logic devices manufactured by Altera and sold by 
Altera or its authorized distributors.  Please refer to the 
applicable agreement for further details.



+----------------------------------------------------------------------------------------+
; Flow Summary                                                                           ;
+------------------------------------+---------------------------------------------------+
; Flow Status                        ; Successful - Thu Aug 31 16:11:29 2017             ;
; Quartus II 32-bit Version          ; 12.1 Build 243 01/31/2013 SP 1.33 SJ Full Version ;
; Revision Name                      ; div5                                              ;
; Top-level Entity Name              ; div5                                              ;
; Family                             ; Cyclone IV E                                      ;
; Device                             ; EP4CE115F29C7                                     ;
; Timing Models                      ; Final                                             ;
; Total logic elements               ; 1 / 114,480 ( < 1 % )                             ;
;     Total combinational functions  ; 1 / 114,480 ( < 1 % )                             ;
;     Dedicated logic registers      ; 0 / 114,480 ( 0 % )                               ;
; Total registers                    ; 0                                                 ;
; Total pins                         ; 5 / 529 ( < 1 % )                                 ;
; Total virtual pins                 ; 0                                                 ;
; Total memory bits                  ; 0 / 3,981,312 ( 0 % )                             ;
; Embedded Multiplier 9-bit elements ; 0 / 532 ( 0 % )                                   ;
; Total PLLs                         ; 0 / 4 ( 0 % )                                     ;
+------------------------------------+---------------------------------------------------+


+-----------------------------------------+
; Flow Settings                           ;
+-------------------+---------------------+
; Option            ; Setting             ;
+-------------------+---------------------+
; Start date & time ; 08/31/2017 16:10:38 ;
; Main task         ; Compilation         ;
; Revision Name     ; div5                ;
+-------------------+---------------------+


+------------------------------------------------------------------------------------------------------------------+
; Flow Non-Default Global Settings                                                                                 ;
+-------------------------------------+---------------------------------+---------------+-------------+------------+
; Assignment Name                     ; Value                           ; Default Value ; Entity Name ; Section Id ;
+-------------------------------------+---------------------------------+---------------+-------------+------------+
; COMPILER_SIGNATURE_ID               ; 159303458918249.150418863804288 ; --            ; --          ; --         ;
; MAX_CORE_JUNCTION_TEMP              ; 85                              ; --            ; --          ; --         ;
; MIN_CORE_JUNCTION_TEMP              ; 0                               ; --            ; --          ; --         ;
; PARTITION_COLOR                     ; 16764057                        ; --            ; --          ; Top        ;
; PARTITION_FITTER_PRESERVATION_LEVEL ; PLACEMENT_AND_ROUTING           ; --            ; --          ; Top        ;
; PARTITION_NETLIST_TYPE              ; SOURCE                          ; --            ; --          ; Top        ;
; PROJECT_OUTPUT_DIRECTORY            ; output_files                    ; --            ; --          ; --         ;
+-------------------------------------+---------------------------------+---------------+-------------+------------+


+-------------------------------------------------------------------------------------------------------------------------------+
; Flow Elapsed Time                                                                                                             ;
+---------------------------+--------------+-------------------------+---------------------+------------------------------------+
; Module Name               ; Elapsed Time ; Average Processors Used ; Peak Virtual Memory ; Total CPU Time (on all processors) ;
+---------------------------+--------------+-------------------------+---------------------+------------------------------------+
; Analysis & Synthesis      ; 00:00:13     ; 1.0                     ; 375 MB              ; 00:00:03                           ;
; Fitter                    ; 00:00:20     ; 1.6                     ; 679 MB              ; 00:00:18                           ;
; Assembler                 ; 00:00:13     ; 1.0                     ; 363 MB              ; 00:00:07                           ;
; TimeQuest Timing Analyzer ; 00:00:16     ; 1.0                     ; 415 MB              ; 00:00:03                           ;
; Total                     ; 00:01:02     ; --                      ; --                  ; 00:00:31                           ;
+---------------------------+--------------+-------------------------+---------------------+------------------------------------+


+----------------------------------------------------------------------------------------+
; Flow OS Summary                                                                        ;
+---------------------------+------------------+-----------+------------+----------------+
; Module Name               ; Machine Hostname ; OS Name   ; OS Version ; Processor type ;
+---------------------------+------------------+-----------+------------+----------------+
; Analysis & Synthesis      ; MUX4-04          ; Windows 7 ; 6.1        ; x86_64         ;
; Fitter                    ; MUX4-04          ; Windows 7 ; 6.1        ; x86_64         ;
; Assembler                 ; MUX4-04          ; Windows 7 ; 6.1        ; x86_64         ;
; TimeQuest Timing Analyzer ; MUX4-04          ; Windows 7 ; 6.1        ; x86_64         ;
+---------------------------+------------------+-----------+------------+----------------+


------------
; Flow Log ;
------------
quartus_map --read_settings_files=on --write_settings_files=off div5 -c div5
quartus_fit --read_settings_files=off --write_settings_files=off div5 -c div5
quartus_asm --read_settings_files=off --write_settings_files=off div5 -c div5
quartus_sta div5 -c div5



