Analysis & Synthesis report for Sound
Thu Mar 15 14:57:29 2018
Quartus II 64-Bit Version 12.1 Build 243 01/31/2013 Service Pack 1.33 SJ Full Version


---------------------
; Table of Contents ;
---------------------
  1. Legal Notice
  2. Analysis & Synthesis Summary
  3. Analysis & Synthesis Settings
  4. Parallel Compilation
  5. Analysis & Synthesis Source Files Read
  6. Analysis & Synthesis Resource Usage Summary
  7. Analysis & Synthesis Resource Utilization by Entity
  8. Registers Removed During Synthesis
  9. General Register Statistics
 10. Inverted Register Statistics
 11. Multiplexer Restructuring Statistics (Restructuring Performed)
 12. Parameter Settings for User Entity Instance: group_no:inst
 13. Elapsed Time Per Partition
 14. Analysis & Synthesis Messages



----------------
; Legal Notice ;
----------------
Copyright (C) 1991-2012 Altera Corporation
Your use of Altera Corporation's design tools, logic functions 
and other software and tools, and its AMPP partner logic 
functions, and any output files from any of the foregoing 
(including device programming or simulation files), and any 
associated documentation or information are expressly subject 
to the terms and conditions of the Altera Program License 
Subscription Agreement, Altera MegaCore Function License 
Agreement, or other applicable license agreement, including, 
without limitation, that your use is for the sole purpose of 
programming logic devices manufactured by Altera and sold by 
Altera or its authorized distributors.  Please refer to the 
applicable agreement for further details.



+----------------------------------------------------------------------------------------+
; Analysis & Synthesis Summary                                                           ;
+------------------------------------+---------------------------------------------------+
; Analysis & Synthesis Status        ; Successful - Thu Mar 15 14:57:28 2018             ;
; Quartus II 64-Bit Version          ; 12.1 Build 243 01/31/2013 SP 1.33 SJ Full Version ;
; Revision Name                      ; Sound                                             ;
; Top-level Entity Name              ; Sound                                             ;
; Family                             ; Cyclone IV E                                      ;
; Total logic elements               ; 731                                               ;
;     Total combinational functions  ; 517                                               ;
;     Dedicated logic registers      ; 454                                               ;
; Total registers                    ; 454                                               ;
; Total pins                         ; 70                                                ;
; Total virtual pins                 ; 0                                                 ;
; Total memory bits                  ; 0                                                 ;
; Embedded Multiplier 9-bit elements ; 0                                                 ;
; Total PLLs                         ; 0                                                 ;
+------------------------------------+---------------------------------------------------+


+----------------------------------------------------------------------------------------------------------------------+
; Analysis & Synthesis Settings                                                                                        ;
+----------------------------------------------------------------------------+--------------------+--------------------+
; Option                                                                     ; Setting            ; Default Value      ;
+----------------------------------------------------------------------------+--------------------+--------------------+
; Device                                                                     ; EP4CE115F29C7      ;                    ;
; Top-level entity name                                                      ; Sound              ; Sound              ;
; Family name                                                                ; Cyclone IV E       ; Cyclone IV GX      ;
; Optimization Technique                                                     ; Area               ; Balanced           ;
; Use smart compilation                                                      ; Off                ; Off                ;
; Enable parallel Assembler and TimeQuest Timing Analyzer during compilation ; On                 ; On                 ;
; Enable compact report table                                                ; Off                ; Off                ;
; Restructure Multiplexers                                                   ; Auto               ; Auto               ;
; Create Debugging Nodes for IP Cores                                        ; Off                ; Off                ;
; Preserve fewer node names                                                  ; On                 ; On                 ;
; Disable OpenCore Plus hardware evaluation                                  ; Off                ; Off                ;
; Verilog Version                                                            ; Verilog_2001       ; Verilog_2001       ;
; VHDL Version                                                               ; VHDL_1993          ; VHDL_1993          ;
; State Machine Processing                                                   ; Auto               ; Auto               ;
; Safe State Machine                                                         ; Off                ; Off                ;
; Extract Verilog State Machines                                             ; On                 ; On                 ;
; Extract VHDL State Machines                                                ; On                 ; On                 ;
; Ignore Verilog initial constructs                                          ; Off                ; Off                ;
; Iteration limit for constant Verilog loops                                 ; 5000               ; 5000               ;
; Iteration limit for non-constant Verilog loops                             ; 250                ; 250                ;
; Add Pass-Through Logic to Inferred RAMs                                    ; On                 ; On                 ;
; Infer RAMs from Raw Logic                                                  ; On                 ; On                 ;
; Parallel Synthesis                                                         ; On                 ; On                 ;
; DSP Block Balancing                                                        ; Auto               ; Auto               ;
; NOT Gate Push-Back                                                         ; On                 ; On                 ;
; Power-Up Don't Care                                                        ; On                 ; On                 ;
; Remove Redundant Logic Cells                                               ; Off                ; Off                ;
; Remove Duplicate Registers                                                 ; On                 ; On                 ;
; Ignore CARRY Buffers                                                       ; Off                ; Off                ;
; Ignore CASCADE Buffers                                                     ; Off                ; Off                ;
; Ignore GLOBAL Buffers                                                      ; Off                ; Off                ;
; Ignore ROW GLOBAL Buffers                                                  ; Off                ; Off                ;
; Ignore LCELL Buffers                                                       ; Off                ; Off                ;
; Ignore SOFT Buffers                                                        ; On                 ; On                 ;
; Limit AHDL Integers to 32 Bits                                             ; Off                ; Off                ;
; Carry Chain Length                                                         ; 70                 ; 70                 ;
; Auto Carry Chains                                                          ; On                 ; On                 ;
; Auto Open-Drain Pins                                                       ; On                 ; On                 ;
; Perform WYSIWYG Primitive Resynthesis                                      ; Off                ; Off                ;
; Auto ROM Replacement                                                       ; On                 ; On                 ;
; Auto RAM Replacement                                                       ; On                 ; On                 ;
; Auto DSP Block Replacement                                                 ; On                 ; On                 ;
; Auto Shift Register Replacement                                            ; Auto               ; Auto               ;
; Allow Shift Register Merging across Hierarchies                            ; Auto               ; Auto               ;
; Auto Clock Enable Replacement                                              ; On                 ; On                 ;
; Strict RAM Replacement                                                     ; Off                ; Off                ;
; Allow Synchronous Control Signals                                          ; On                 ; On                 ;
; Force Use of Synchronous Clear Signals                                     ; Off                ; Off                ;
; Auto RAM Block Balancing                                                   ; On                 ; On                 ;
; Auto RAM to Logic Cell Conversion                                          ; Off                ; Off                ;
; Auto Resource Sharing                                                      ; Off                ; Off                ;
; Allow Any RAM Size For Recognition                                         ; Off                ; Off                ;
; Allow Any ROM Size For Recognition                                         ; Off                ; Off                ;
; Allow Any Shift Register Size For Recognition                              ; Off                ; Off                ;
; Use LogicLock Constraints during Resource Balancing                        ; On                 ; On                 ;
; Ignore translate_off and synthesis_off directives                          ; Off                ; Off                ;
; Timing-Driven Synthesis                                                    ; On                 ; On                 ;
; Report Parameter Settings                                                  ; On                 ; On                 ;
; Report Source Assignments                                                  ; On                 ; On                 ;
; Report Connectivity Checks                                                 ; On                 ; On                 ;
; Ignore Maximum Fan-Out Assignments                                         ; Off                ; Off                ;
; Synchronization Register Chain Length                                      ; 2                  ; 2                  ;
; PowerPlay Power Optimization                                               ; Normal compilation ; Normal compilation ;
; HDL message level                                                          ; Level2             ; Level2             ;
; Suppress Register Optimization Related Messages                            ; Off                ; Off                ;
; Number of Removed Registers Reported in Synthesis Report                   ; 5000               ; 5000               ;
; Number of Swept Nodes Reported in Synthesis Report                         ; 5000               ; 5000               ;
; Number of Inverted Registers Reported in Synthesis Report                  ; 100                ; 100                ;
; Clock MUX Protection                                                       ; On                 ; On                 ;
; Auto Gated Clock Conversion                                                ; Off                ; Off                ;
; Block Design Naming                                                        ; Auto               ; Auto               ;
; SDC constraint protection                                                  ; Off                ; Off                ;
; Synthesis Effort                                                           ; Auto               ; Auto               ;
; Shift Register Replacement - Allow Asynchronous Clear Signal               ; On                 ; On                 ;
; Pre-Mapping Resynthesis Optimization                                       ; Off                ; Off                ;
; Analysis & Synthesis Message Level                                         ; Medium             ; Medium             ;
; Disable Register Merging Across Hierarchies                                ; Auto               ; Auto               ;
; Resource Aware Inference For Block RAM                                     ; On                 ; On                 ;
; Synthesis Seed                                                             ; 1                  ; 1                  ;
+----------------------------------------------------------------------------+--------------------+--------------------+


+------------------------------------------+
; Parallel Compilation                     ;
+----------------------------+-------------+
; Processors                 ; Number      ;
+----------------------------+-------------+
; Number detected on machine ; 4           ;
; Maximum allowed            ; 4           ;
;                            ;             ;
; Average used               ; 1.00        ;
; Maximum used               ; 1           ;
;                            ;             ;
; Usage by Processor         ; % Time Used ;
;     1 processor            ; 100.0%      ;
;     2-4 processors         ;   0.0%      ;
+----------------------------+-------------+


+---------------------------------------------------------------------------------------------------------------------------------------------------------------------------------+
; Analysis & Synthesis Source Files Read                                                                                                                                          ;
+----------------------------------+-----------------+------------------------------------+-----------------------------------------------------------------------------+---------+
; File Name with User-Entered Path ; Used in Netlist ; File Type                          ; File Name with Absolute Path                                                ; Library ;
+----------------------------------+-----------------+------------------------------------+-----------------------------------------------------------------------------+---------+
; Lab3_VGA/VGA_contr.bdf           ; yes             ; User Block Diagram/Schematic File  ; H:/TSIU03/Project/working_vga+keyboard+soundish/Lab3_VGA/VGA_contr.bdf      ;         ;
; Lab3_VGA/vsyncr.vhd              ; yes             ; User VHDL File                     ; H:/TSIU03/Project/working_vga+keyboard+soundish/Lab3_VGA/vsyncr.vhd         ;         ;
; Lab3_VGA/vga_gen.vhd             ; yes             ; User VHDL File                     ; H:/TSIU03/Project/working_vga+keyboard+soundish/Lab3_VGA/vga_gen.vhd        ;         ;
; Lab3_VGA/screen_control.vhd      ; yes             ; User VHDL File                     ; H:/TSIU03/Project/working_vga+keyboard+soundish/Lab3_VGA/screen_control.vhd ;         ;
; Lab3_VGA/PLL.vhd                 ; yes             ; User VHDL File                     ; H:/TSIU03/Project/working_vga+keyboard+soundish/Lab3_VGA/PLL.vhd            ;         ;
; Lab3_VGA/pixelcounter.vhd        ; yes             ; User VHDL File                     ; H:/TSIU03/Project/working_vga+keyboard+soundish/Lab3_VGA/pixelcounter.vhd   ;         ;
; Lab3_VGA/pixel_reg.vhd           ; yes             ; User VHDL File                     ; H:/TSIU03/Project/working_vga+keyboard+soundish/Lab3_VGA/pixel_reg.vhd      ;         ;
; Lab3_VGA/linecounter.vhd         ; yes             ; User VHDL File                     ; H:/TSIU03/Project/working_vga+keyboard+soundish/Lab3_VGA/linecounter.vhd    ;         ;
; Lab3_VGA/hsyncr.vhd              ; yes             ; User VHDL File                     ; H:/TSIU03/Project/working_vga+keyboard+soundish/Lab3_VGA/hsyncr.vhd         ;         ;
; Lab3_VGA/blank_video.vhd         ; yes             ; User VHDL File                     ; H:/TSIU03/Project/working_vga+keyboard+soundish/Lab3_VGA/blank_video.vhd    ;         ;
; Lab3_VGA/blank_syncr.vhd         ; yes             ; User VHDL File                     ; H:/TSIU03/Project/working_vga+keyboard+soundish/Lab3_VGA/blank_syncr.vhd    ;         ;
; setting_decoder.vhd              ; yes             ; User VHDL File                     ; H:/TSIU03/Project/working_vga+keyboard+soundish/setting_decoder.vhd         ;         ;
; Scancode_control.vhd             ; yes             ; User VHDL File                     ; H:/TSIU03/Project/working_vga+keyboard+soundish/Scancode_control.vhd        ;         ;
; volume.vhd                       ; yes             ; User VHDL File                     ; H:/TSIU03/Project/working_vga+keyboard+soundish/volume.vhd                  ;         ;
; Balance.vhd                      ; yes             ; User VHDL File                     ; H:/TSIU03/Project/working_vga+keyboard+soundish/Balance.vhd                 ;         ;
; group_no.vhd                     ; yes             ; User VHDL File                     ; H:/TSIU03/Project/working_vga+keyboard+soundish/group_no.vhd                ;         ;
; Sound.bdf                        ; yes             ; User Block Diagram/Schematic File  ; H:/TSIU03/Project/working_vga+keyboard+soundish/Sound.bdf                   ;         ;
; SndDriver.bdf                    ; yes             ; User Block Diagram/Schematic File  ; H:/TSIU03/Project/working_vga+keyboard+soundish/SndDriver.bdf               ;         ;
; Ctrl.vhd                         ; yes             ; User VHDL File                     ; H:/TSIU03/Project/working_vga+keyboard+soundish/Ctrl.vhd                    ;         ;
; Channel_Mod.vhd                  ; yes             ; User VHDL File                     ; H:/TSIU03/Project/working_vga+keyboard+soundish/Channel_Mod.vhd             ;         ;
; 10cnt.vhd                        ; yes             ; User VHDL File                     ; H:/TSIU03/Project/working_vga+keyboard+soundish/10cnt.vhd                   ;         ;
+----------------------------------+-----------------+------------------------------------+-----------------------------------------------------------------------------+---------+


+-----------------------------------------------------+
; Analysis & Synthesis Resource Usage Summary         ;
+---------------------------------------------+-------+
; Resource                                    ; Usage ;
+---------------------------------------------+-------+
; Estimated Total logic elements              ; 731   ;
;                                             ;       ;
; Total combinational functions               ; 517   ;
; Logic element usage by number of LUT inputs ;       ;
;     -- 4 input functions                    ; 230   ;
;     -- 3 input functions                    ; 212   ;
;     -- <=2 input functions                  ; 75    ;
;                                             ;       ;
; Logic elements by mode                      ;       ;
;     -- normal mode                          ; 491   ;
;     -- arithmetic mode                      ; 26    ;
;                                             ;       ;
; Total registers                             ; 454   ;
;     -- Dedicated logic registers            ; 454   ;
;     -- I/O registers                        ; 0     ;
;                                             ;       ;
; I/O pins                                    ; 70    ;
; Embedded Multiplier 9-bit elements          ; 0     ;
; Maximum fan-out                             ; 396   ;
; Total fan-out                               ; 3419  ;
; Average fan-out                             ; 3.08  ;
+---------------------------------------------+-------+


+----------------------------------------------------------------------------------------------------------------------------------------------------------------------------------------------------------------+
; Analysis & Synthesis Resource Utilization by Entity                                                                                                                                                            ;
+--------------------------------+-------------------+--------------+-------------+--------------+---------+-----------+------+--------------+----------------------------------------------------+--------------+
; Compilation Hierarchy Node     ; LC Combinationals ; LC Registers ; Memory Bits ; DSP Elements ; DSP 9x9 ; DSP 18x18 ; Pins ; Virtual Pins ; Full Hierarchy Name                                ; Library Name ;
+--------------------------------+-------------------+--------------+-------------+--------------+---------+-----------+------+--------------+----------------------------------------------------+--------------+
; |Sound                         ; 517 (0)           ; 454 (0)      ; 0           ; 0            ; 0       ; 0         ; 70   ; 0            ; |Sound                                             ;              ;
;    |Balance:inst7|             ; 89 (89)           ; 137 (137)    ; 0           ; 0            ; 0       ; 0         ; 0    ; 0            ; |Sound|Balance:inst7                               ;              ;
;    |Scancode_control:inst3|    ; 96 (96)           ; 41 (41)      ; 0           ; 0            ; 0       ; 0         ; 0    ; 0            ; |Sound|Scancode_control:inst3                      ;              ;
;    |SndDriver:instSndDrv|      ; 46 (1)            ; 105 (0)      ; 0           ; 0            ; 0       ; 0         ; 0    ; 0            ; |Sound|SndDriver:instSndDrv                        ;              ;
;       |Channel_Mod:inst_left|  ; 18 (18)           ; 48 (48)      ; 0           ; 0            ; 0       ; 0         ; 0    ; 0            ; |Sound|SndDriver:instSndDrv|Channel_Mod:inst_left  ;              ;
;       |Channel_Mod:inst_right| ; 17 (17)           ; 47 (47)      ; 0           ; 0            ; 0       ; 0         ; 0    ; 0            ; |Sound|SndDriver:instSndDrv|Channel_Mod:inst_right ;              ;
;       |Ctrl:inst1|             ; 10 (10)           ; 10 (10)      ; 0           ; 0            ; 0       ; 0         ; 0    ; 0            ; |Sound|SndDriver:instSndDrv|Ctrl:inst1             ;              ;
;    |VGA_contr:inst1|           ; 210 (0)           ; 59 (0)       ; 0           ; 0            ; 0       ; 0         ; 0    ; 0            ; |Sound|VGA_contr:inst1                             ;              ;
;       |PLL:inst4|              ; 1 (1)             ; 1 (1)        ; 0           ; 0            ; 0       ; 0         ; 0    ; 0            ; |Sound|VGA_contr:inst1|PLL:inst4                   ;              ;
;       |blank_syncr:inst18|     ; 0 (0)             ; 1 (1)        ; 0           ; 0            ; 0       ; 0         ; 0    ; 0            ; |Sound|VGA_contr:inst1|blank_syncr:inst18          ;              ;
;       |blank_video:inst17|     ; 6 (6)             ; 0 (0)        ; 0           ; 0            ; 0       ; 0         ; 0    ; 0            ; |Sound|VGA_contr:inst1|blank_video:inst17          ;              ;
;       |hsyncr:inst12|          ; 4 (4)             ; 1 (1)        ; 0           ; 0            ; 0       ; 0         ; 0    ; 0            ; |Sound|VGA_contr:inst1|hsyncr:inst12               ;              ;
;       |linecounter:inst|       ; 17 (17)           ; 10 (10)      ; 0           ; 0            ; 0       ; 0         ; 0    ; 0            ; |Sound|VGA_contr:inst1|linecounter:inst            ;              ;
;       |pixel_reg:inst1|        ; 0 (0)             ; 6 (6)        ; 0           ; 0            ; 0       ; 0         ; 0    ; 0            ; |Sound|VGA_contr:inst1|pixel_reg:inst1             ;              ;
;       |pixelcounter:inst6|     ; 13 (13)           ; 10 (10)      ; 0           ; 0            ; 0       ; 0         ; 0    ; 0            ; |Sound|VGA_contr:inst1|pixelcounter:inst6          ;              ;
;       |screen_control:inst5|   ; 149 (149)         ; 5 (5)        ; 0           ; 0            ; 0       ; 0         ; 0    ; 0            ; |Sound|VGA_contr:inst1|screen_control:inst5        ;              ;
;       |vga_gen:inst19|         ; 17 (17)           ; 24 (24)      ; 0           ; 0            ; 0       ; 0         ; 0    ; 0            ; |Sound|VGA_contr:inst1|vga_gen:inst19              ;              ;
;       |vsyncr:inst13|          ; 3 (3)             ; 1 (1)        ; 0           ; 0            ; 0       ; 0         ; 0    ; 0            ; |Sound|VGA_contr:inst1|vsyncr:inst13               ;              ;
;    |setting_decoder:inst2|     ; 28 (28)           ; 9 (9)        ; 0           ; 0            ; 0       ; 0         ; 0    ; 0            ; |Sound|setting_decoder:inst2                       ;              ;
;    |volume:inst5|              ; 31 (31)           ; 58 (58)      ; 0           ; 0            ; 0       ; 0         ; 0    ; 0            ; |Sound|volume:inst5                                ;              ;
;    |volume:inst6|              ; 17 (17)           ; 45 (45)      ; 0           ; 0            ; 0       ; 0         ; 0    ; 0            ; |Sound|volume:inst6                                ;              ;
+--------------------------------+-------------------+--------------+-------------+--------------+---------+-----------+------+--------------+----------------------------------------------------+--------------+
Note: For table entries with two numbers listed, the numbers in parentheses indicate the number of resources of the given type used by the specific entity alone. The numbers listed outside of parentheses indicate the total resources of the given type used by the specific entity and all of its sub-entities in the hierarchy.


+-------------------------------------------------------------------------------------------------------------------+
; Registers Removed During Synthesis                                                                                ;
+---------------------------------------------------+---------------------------------------------------------------+
; Register name                                     ; Reason for Removal                                            ;
+---------------------------------------------------+---------------------------------------------------------------+
; VGA_contr:inst1|screen_control:inst5|rgb_datai[1] ; Merged with VGA_contr:inst1|screen_control:inst5|rgb_datai[0] ;
; VGA_contr:inst1|screen_control:inst5|rgb_datai[4] ; Merged with VGA_contr:inst1|screen_control:inst5|rgb_datai[3] ;
; VGA_contr:inst1|pixel_reg:inst1|pixrgi[4]         ; Merged with VGA_contr:inst1|pixel_reg:inst1|pixrgi[3]         ;
; VGA_contr:inst1|pixel_reg:inst1|pixrgi[1]         ; Merged with VGA_contr:inst1|pixel_reg:inst1|pixrgi[0]         ;
; volume:inst6|cntr[3]                              ; Merged with volume:inst5|cntr[3]                              ;
; volume:inst6|cntr[2]                              ; Merged with volume:inst5|cntr[2]                              ;
; volume:inst6|cntr[1]                              ; Merged with volume:inst5|cntr[1]                              ;
; volume:inst6|cntr[0]                              ; Merged with volume:inst5|cntr[0]                              ;
; volume:inst6|set1[3]                              ; Merged with volume:inst5|set1[3]                              ;
; volume:inst6|set1[2]                              ; Merged with volume:inst5|set1[2]                              ;
; volume:inst6|set1[1]                              ; Merged with volume:inst5|set1[1]                              ;
; volume:inst6|set1[0]                              ; Merged with volume:inst5|set1[0]                              ;
; volume:inst6|set2[3]                              ; Merged with volume:inst5|set2[3]                              ;
; volume:inst6|set2[2]                              ; Merged with volume:inst5|set2[2]                              ;
; volume:inst6|set2[1]                              ; Merged with volume:inst5|set2[1]                              ;
; volume:inst6|set2[0]                              ; Merged with volume:inst5|set2[0]                              ;
; volume:inst6|bei                                  ; Merged with volume:inst5|bei                                  ;
; volume:inst6|adi[15]                              ; Merged with volume:inst6|adi[14]                              ;
; volume:inst6|snd2[15]                             ; Merged with volume:inst6|snd2[14]                             ;
; volume:inst5|adi[15]                              ; Merged with volume:inst5|adi[14]                              ;
; volume:inst5|snd2[15]                             ; Merged with volume:inst5|snd2[14]                             ;
; Balance:inst7|snd[15]                             ; Merged with Balance:inst7|snd[14]                             ;
; Balance:inst7|orig_snd[15]                        ; Merged with Balance:inst7|orig_snd[14]                        ;
; Balance:inst7|orig_snd2[15]                       ; Merged with Balance:inst7|orig_snd2[14]                       ;
; VGA_contr:inst1|screen_control:inst5|rgb_datai[7] ; Stuck at VCC due to stuck port data_in                        ;
; Total Number of Removed Registers = 25            ;                                                               ;
+---------------------------------------------------+---------------------------------------------------------------+


+------------------------------------------------------+
; General Register Statistics                          ;
+----------------------------------------------+-------+
; Statistic                                    ; Value ;
+----------------------------------------------+-------+
; Total registers                              ; 454   ;
; Number of registers using Synchronous Clear  ; 20    ;
; Number of registers using Synchronous Load   ; 18    ;
; Number of registers using Asynchronous Clear ; 263   ;
; Number of registers using Asynchronous Load  ; 0     ;
; Number of registers using Clock Enable       ; 374   ;
; Number of registers using Preset             ; 0     ;
+----------------------------------------------+-------+


+--------------------------------------------------+
; Inverted Register Statistics                     ;
+----------------------------------------+---------+
; Inverted Register                      ; Fan out ;
+----------------------------------------+---------+
; VGA_contr:inst1|hsyncr:inst12|hsync    ; 3       ;
; VGA_contr:inst1|vsyncr:inst13|vsync    ; 2       ;
; Total number of inverted registers = 2 ;         ;
+----------------------------------------+---------+


+----------------------------------------------------------------------------------------------------------------------------------------------------------------------------+
; Multiplexer Restructuring Statistics (Restructuring Performed)                                                                                                             ;
+--------------------+-----------+---------------+----------------------+------------------------+------------+--------------------------------------------------------------+
; Multiplexer Inputs ; Bus Width ; Baseline Area ; Area if Restructured ; Saving if Restructured ; Registered ; Example Multiplexer Output                                   ;
+--------------------+-----------+---------------+----------------------+------------------------+------------+--------------------------------------------------------------+
; 3:1                ; 15 bits   ; 30 LEs        ; 15 LEs               ; 15 LEs                 ; Yes        ; |Sound|SndDriver:instSndDrv|Channel_Mod:inst_right|TXReg[15] ;
; 3:1                ; 15 bits   ; 30 LEs        ; 15 LEs               ; 15 LEs                 ; Yes        ; |Sound|SndDriver:instSndDrv|Channel_Mod:inst_left|TXReg[15]  ;
; 3:1                ; 4 bits    ; 8 LEs         ; 0 LEs                ; 8 LEs                  ; Yes        ; |Sound|Balance:inst7|shift_value3[3]                         ;
; 3:1                ; 4 bits    ; 8 LEs         ; 4 LEs                ; 4 LEs                  ; Yes        ; |Sound|Scancode_control:inst3|shiftreg_counter[0]            ;
; 3:1                ; 10 bits   ; 20 LEs        ; 0 LEs                ; 20 LEs                 ; Yes        ; |Sound|VGA_contr:inst1|linecounter:inst|vcnti[0]             ;
; 3:1                ; 4 bits    ; 8 LEs         ; 4 LEs                ; 4 LEs                  ; Yes        ; |Sound|volume:inst5|cntr[3]                                  ;
; 3:1                ; 34 bits   ; 68 LEs        ; 34 LEs               ; 34 LEs                 ; Yes        ; |Sound|volume:inst5|snd1[14]                                 ;
; 3:1                ; 15 bits   ; 30 LEs        ; 30 LEs               ; 0 LEs                  ; Yes        ; |Sound|Balance:inst7|snd2[9]                                 ;
; 4:1                ; 4 bits    ; 8 LEs         ; 0 LEs                ; 8 LEs                  ; Yes        ; |Sound|volume:inst5|set2[0]                                  ;
; 5:1                ; 3 bits    ; 9 LEs         ; 3 LEs                ; 6 LEs                  ; Yes        ; |Sound|setting_decoder:inst2|settings_b[2]                   ;
; 5:1                ; 3 bits    ; 9 LEs         ; 3 LEs                ; 6 LEs                  ; Yes        ; |Sound|setting_decoder:inst2|settings_v[2]                   ;
; 32:1               ; 2 bits    ; 42 LEs        ; 42 LEs               ; 0 LEs                  ; Yes        ; |Sound|Scancode_control:inst3|Setting_ID_buf[2]              ;
+--------------------+-----------+---------------+----------------------+------------------------+------------+--------------------------------------------------------------+


+------------------------------------------------------------+
; Parameter Settings for User Entity Instance: group_no:inst ;
+----------------+-------+-----------------------------------+
; Parameter Name ; Value ; Type                              ;
+----------------+-------+-----------------------------------+
; number         ; 10    ; Signed Integer                    ;
+----------------+-------+-----------------------------------+
Note: In order to hide this table in the UI and the text report file, please set the "Show Parameter Settings in Synthesis Report" option in "Analysis and Synthesis Settings -> More Settings" to "Off".


+-------------------------------+
; Elapsed Time Per Partition    ;
+----------------+--------------+
; Partition Name ; Elapsed Time ;
+----------------+--------------+
; Top            ; 00:00:05     ;
+----------------+--------------+


+-------------------------------+
; Analysis & Synthesis Messages ;
+-------------------------------+
Info: *******************************************************************
Info: Running Quartus II 64-Bit Analysis & Synthesis
    Info: Version 12.1 Build 243 01/31/2013 Service Pack 1.33 SJ Full Version
    Info: Processing started: Thu Mar 15 14:56:35 2018
Info: Command: quartus_map --read_settings_files=on --write_settings_files=off Sound -c Sound
Info (20030): Parallel compilation is enabled and will use 4 of the 4 processors detected
Info (12021): Found 1 design units, including 1 entities, in source file lab3_vga/vga_contr.bdf
    Info (12023): Found entity 1: VGA_contr
Info (12021): Found 2 design units, including 1 entities, in source file lab3_vga/vsyncr.vhd
    Info (12022): Found design unit 1: vsyncr-rtl
    Info (12023): Found entity 1: vsyncr
Info (12021): Found 2 design units, including 1 entities, in source file lab3_vga/vga_gen.vhd
    Info (12022): Found design unit 1: vga_gen-behave
    Info (12023): Found entity 1: vga_gen
Info (12021): Found 2 design units, including 1 entities, in source file lab3_vga/screen_control.vhd
    Info (12022): Found design unit 1: screen_control-rtl
    Info (12023): Found entity 1: screen_control
Info (12021): Found 2 design units, including 1 entities, in source file lab3_vga/ram_control.vhd
    Info (12022): Found design unit 1: RAM_control-rtl
    Info (12023): Found entity 1: RAM_control
Info (12021): Found 2 design units, including 1 entities, in source file lab3_vga/pll.vhd
    Info (12022): Found design unit 1: pll-SYN
    Info (12023): Found entity 1: PLL
Info (12021): Found 2 design units, including 1 entities, in source file lab3_vga/pixelcounter.vhd
    Info (12022): Found design unit 1: pixelcounter-rtl
    Info (12023): Found entity 1: pixelcounter
Info (12021): Found 2 design units, including 1 entities, in source file lab3_vga/pixel_reg.vhd
    Info (12022): Found design unit 1: pixel_reg-rtl
    Info (12023): Found entity 1: pixel_reg
Info (12021): Found 2 design units, including 1 entities, in source file lab3_vga/linecounter.vhd
    Info (12022): Found design unit 1: linecounter-rtl
    Info (12023): Found entity 1: linecounter
Info (12021): Found 2 design units, including 1 entities, in source file lab3_vga/hsyncr.vhd
    Info (12022): Found design unit 1: hsyncr-rtl
    Info (12023): Found entity 1: hsyncr
Info (12021): Found 2 design units, including 1 entities, in source file lab3_vga/clock_gen.vhd
    Info (12022): Found design unit 1: clock_gen-rtl
    Info (12023): Found entity 1: clock_gen
Info (12021): Found 2 design units, including 1 entities, in source file lab3_vga/blank_video.vhd
    Info (12022): Found design unit 1: blank_video-rtl
    Info (12023): Found entity 1: blank_video
Info (12021): Found 2 design units, including 1 entities, in source file lab3_vga/blank_syncr.vhd
    Info (12022): Found design unit 1: blank_syncr-rtl
    Info (12023): Found entity 1: blank_syncr
Info (12021): Found 2 design units, including 1 entities, in source file setting_decoder.vhd
    Info (12022): Found design unit 1: setting_decoder-rtl
    Info (12023): Found entity 1: setting_decoder
Info (12021): Found 2 design units, including 1 entities, in source file scancode_control.vhd
    Info (12022): Found design unit 1: Scancode_control-arch
    Info (12023): Found entity 1: Scancode_control
Info (12021): Found 1 design units, including 1 entities, in source file sound_app.bdf
    Info (12023): Found entity 1: sound_app
Info (12021): Found 2 design units, including 1 entities, in source file volume.vhd
    Info (12022): Found design unit 1: volume-rt1
    Info (12023): Found entity 1: volume
Info (12021): Found 2 design units, including 1 entities, in source file mute.vhd
    Info (12022): Found design unit 1: mute-rt1
    Info (12023): Found entity 1: mute
Info (12021): Found 2 design units, including 1 entities, in source file balance.vhd
    Info (12022): Found design unit 1: Balance-rt1
    Info (12023): Found entity 1: Balance
Info (12021): Found 2 design units, including 1 entities, in source file group_no.vhd
    Info (12022): Found design unit 1: group_no-RTL
    Info (12023): Found entity 1: group_no
Info (12021): Found 1 design units, including 1 entities, in source file sound.bdf
    Info (12023): Found entity 1: Sound
Info (12021): Found 6 design units, including 3 entities, in source file application.vhd
    Info (12022): Found design unit 1: Application-rtl
    Info (12022): Found design unit 2: PSAC-rtl
    Info (12022): Found design unit 3: POLY_ROM-rtl
    Info (12023): Found entity 1: Application
    Info (12023): Found entity 2: PSAC
    Info (12023): Found entity 3: POLY_ROM
Info (12021): Found 1 design units, including 1 entities, in source file snddriver.bdf
    Info (12023): Found entity 1: SndDriver
Info (12021): Found 2 design units, including 1 entities, in source file ctrl.vhd
    Info (12022): Found design unit 1: Ctrl-rtl
    Info (12023): Found entity 1: Ctrl
Info (12021): Found 2 design units, including 1 entities, in source file channel_mod.vhd
    Info (12022): Found design unit 1: Channel_Mod-rtl
    Info (12023): Found entity 1: Channel_Mod
Info (12021): Found 2 design units, including 1 entities, in source file 10cnt.vhd
    Info (12022): Found design unit 1: tencnt-rt1
    Info (12023): Found entity 1: tencnt
Info (12127): Elaborating entity "Sound" for the top level hierarchy
Info (12128): Elaborating entity "SndDriver" for hierarchy "SndDriver:instSndDrv"
Info (12128): Elaborating entity "Ctrl" for hierarchy "SndDriver:instSndDrv|Ctrl:inst1"
Info (12128): Elaborating entity "Channel_Mod" for hierarchy "SndDriver:instSndDrv|Channel_Mod:inst_right"
Info (12128): Elaborating entity "Balance" for hierarchy "Balance:inst7"
Warning (10036): Verilog HDL or VHDL warning at Balance.vhd(29): object "snd_changed1" assigned a value but never read
Info (12128): Elaborating entity "volume" for hierarchy "volume:inst5"
Info (12128): Elaborating entity "setting_decoder" for hierarchy "setting_decoder:inst2"
Warning (10631): VHDL Process Statement warning at setting_decoder.vhd(22): inferring latch(es) for signal or variable "settings_data", which holds its previous value in one or more paths through the process
Info (12128): Elaborating entity "Scancode_control" for hierarchy "Scancode_control:inst3"
Info (12128): Elaborating entity "VGA_contr" for hierarchy "VGA_contr:inst1"
Info (12128): Elaborating entity "hsyncr" for hierarchy "VGA_contr:inst1|hsyncr:inst12"
Info (12128): Elaborating entity "PLL" for hierarchy "VGA_contr:inst1|PLL:inst4"
Warning (10492): VHDL Process Statement warning at PLL.vhd(28): signal "areset" is read inside the Process Statement but isn't in the Process Statement's sensitivity list
Info (12128): Elaborating entity "pixelcounter" for hierarchy "VGA_contr:inst1|pixelcounter:inst6"
Info (12128): Elaborating entity "vsyncr" for hierarchy "VGA_contr:inst1|vsyncr:inst13"
Info (12128): Elaborating entity "linecounter" for hierarchy "VGA_contr:inst1|linecounter:inst"
Info (12128): Elaborating entity "vga_gen" for hierarchy "VGA_contr:inst1|vga_gen:inst19"
Info (12128): Elaborating entity "blank_syncr" for hierarchy "VGA_contr:inst1|blank_syncr:inst18"
Info (12128): Elaborating entity "blank_video" for hierarchy "VGA_contr:inst1|blank_video:inst17"
Info (12128): Elaborating entity "pixel_reg" for hierarchy "VGA_contr:inst1|pixel_reg:inst1"
Info (12128): Elaborating entity "screen_control" for hierarchy "VGA_contr:inst1|screen_control:inst5"
Info (12128): Elaborating entity "group_no" for hierarchy "group_no:inst"
Info (12128): Elaborating entity "tencnt" for hierarchy "tencnt:inst4"
Info (13000): Registers with preset signals will power-up high
Info (13003): DEV_CLRn pin will set, and not reset, register with preset signal due to NOT Gate Push-Back
Warning (13024): Output pins are stuck at VCC or GND
    Warning (13410): Pin "vga_sync" is stuck at GND
    Warning (13410): Pin "LEDG8" is stuck at VCC
    Warning (13410): Pin "HEX6[0]" is stuck at GND
    Warning (13410): Pin "HEX6[1]" is stuck at GND
    Warning (13410): Pin "HEX6[2]" is stuck at GND
    Warning (13410): Pin "HEX6[3]" is stuck at GND
    Warning (13410): Pin "HEX6[4]" is stuck at GND
    Warning (13410): Pin "HEX6[5]" is stuck at GND
    Warning (13410): Pin "HEX6[6]" is stuck at VCC
    Warning (13410): Pin "HEX7[0]" is stuck at VCC
    Warning (13410): Pin "HEX7[1]" is stuck at GND
    Warning (13410): Pin "HEX7[2]" is stuck at GND
    Warning (13410): Pin "HEX7[3]" is stuck at VCC
    Warning (13410): Pin "HEX7[4]" is stuck at VCC
    Warning (13410): Pin "HEX7[5]" is stuck at VCC
    Warning (13410): Pin "HEX7[6]" is stuck at VCC
Info (16010): Generating hard_block partition "hard_block:auto_generated_inst"
    Info (16011): Adding 0 node(s), including 0 DDIO, 0 PLL, 0 transceiver and 0 LCELL
Info (21057): Implemented 803 device resources after synthesis - the final resource count might be different
    Info (21058): Implemented 5 input pins
    Info (21059): Implemented 65 output pins
    Info (21061): Implemented 733 logic cells
Info: Quartus II 64-Bit Analysis & Synthesis was successful. 0 errors, 20 warnings
    Info: Peak virtual memory: 507 megabytes
    Info: Processing ended: Thu Mar 15 14:57:30 2018
    Info: Elapsed time: 00:00:55
    Info: Total CPU time (on all processors): 00:00:07


