Flow report for Sound
Thu Mar 15 15:00:10 2018
Quartus II 64-Bit Version 12.1 Build 243 01/31/2013 Service Pack 1.33 SJ Full Version


---------------------
; Table of Contents ;
---------------------
  1. Legal Notice
  2. Flow Summary
  3. Flow Settings
  4. Flow Non-Default Global Settings
  5. Flow Elapsed Time
  6. Flow OS Summary
  7. Flow Log



----------------
; Legal Notice ;
----------------
Copyright (C) 1991-2012 Altera Corporation
Your use of Altera Corporation's design tools, logic functions 
and other software and tools, and its AMPP partner logic 
functions, and any output files from any of the foregoing 
(including device programming or simulation files), and any 
associated documentation or information are expressly subject 
to the terms and conditions of the Altera Program License 
Subscription Agreement, Altera MegaCore Function License 
Agreement, or other applicable license agreement, including, 
without limitation, that your use is for the sole purpose of 
programming logic devices manufactured by Altera and sold by 
Altera or its authorized distributors.  Please refer to the 
applicable agreement for further details.



+----------------------------------------------------------------------------------------+
; Flow Summary                                                                           ;
+------------------------------------+---------------------------------------------------+
; Flow Status                        ; Successful - Thu Mar 15 15:00:10 2018             ;
; Quartus II 64-Bit Version          ; 12.1 Build 243 01/31/2013 SP 1.33 SJ Full Version ;
; Revision Name                      ; Sound                                             ;
; Top-level Entity Name              ; Sound                                             ;
; Family                             ; Cyclone IV E                                      ;
; Device                             ; EP4CE115F29C7                                     ;
; Timing Models                      ; Final                                             ;
; Total logic elements               ; 717 / 114,480 ( < 1 % )                           ;
;     Total combinational functions  ; 518 / 114,480 ( < 1 % )                           ;
;     Dedicated logic registers      ; 454 / 114,480 ( < 1 % )                           ;
; Total registers                    ; 454                                               ;
; Total pins                         ; 70 / 529 ( 13 % )                                 ;
; Total virtual pins                 ; 0                                                 ;
; Total memory bits                  ; 0 / 3,981,312 ( 0 % )                             ;
; Embedded Multiplier 9-bit elements ; 0 / 532 ( 0 % )                                   ;
; Total PLLs                         ; 0 / 4 ( 0 % )                                     ;
+------------------------------------+---------------------------------------------------+


+-----------------------------------------+
; Flow Settings                           ;
+-------------------+---------------------+
; Option            ; Setting             ;
+-------------------+---------------------+
; Start date & time ; 03/15/2018 14:56:48 ;
; Main task         ; Compilation         ;
; Revision Name     ; Sound               ;
+-------------------+---------------------+


+----------------------------------------------------------------------------------------------------------------------------+
; Flow Non-Default Global Settings                                                                                           ;
+-------------------------------------+---------------------------------------+---------------+-------------+----------------+
; Assignment Name                     ; Value                                 ; Default Value ; Entity Name ; Section Id     ;
+-------------------------------------+---------------------------------------+---------------+-------------+----------------+
; COMPILER_SIGNATURE_ID               ; 159303458917835.152112220504792       ; --            ; --          ; --             ;
; CYCLONEII_OPTIMIZATION_TECHNIQUE    ; Area                                  ; Balanced      ; --          ; --             ;
; EDA_OUTPUT_DATA_FORMAT              ; Vhdl                                  ; --            ; --          ; eda_simulation ;
; EDA_SIMULATION_TOOL                 ; ModelSim (VHDL)                       ; <None>        ; --          ; --             ;
; EDA_TIME_SCALE                      ; 1 ps                                  ; --            ; --          ; eda_simulation ;
; MAX_CORE_JUNCTION_TEMP              ; 85                                    ; --            ; --          ; --             ;
; MIN_CORE_JUNCTION_TEMP              ; 0                                     ; --            ; --          ; --             ;
; PARTITION_COLOR                     ; 16764057                              ; --            ; --          ; Top            ;
; PARTITION_FITTER_PRESERVATION_LEVEL ; PLACEMENT_AND_ROUTING                 ; --            ; --          ; Top            ;
; PARTITION_NETLIST_TYPE              ; SOURCE                                ; --            ; --          ; Top            ;
; POWER_BOARD_THERMAL_MODEL           ; None (CONSERVATIVE)                   ; --            ; --          ; --             ;
; POWER_PRESET_COOLING_SOLUTION       ; 23 MM HEAT SINK WITH 200 LFPM AIRFLOW ; --            ; --          ; --             ;
; SEARCH_PATH                         ; ieee/                                 ; --            ; --          ; --             ;
; USE_GENERATED_PHYSICAL_CONSTRAINTS  ; Off                                   ; --            ; --          ; eda_blast_fpga ;
+-------------------------------------+---------------------------------------+---------------+-------------+----------------+


+-------------------------------------------------------------------------------------------------------------------------------+
; Flow Elapsed Time                                                                                                             ;
+---------------------------+--------------+-------------------------+---------------------+------------------------------------+
; Module Name               ; Elapsed Time ; Average Processors Used ; Peak Virtual Memory ; Total CPU Time (on all processors) ;
+---------------------------+--------------+-------------------------+---------------------+------------------------------------+
; Analysis & Synthesis      ; 00:00:43     ; 1.0                     ; 507 MB              ; 00:00:06                           ;
; Fitter                    ; 00:00:42     ; 2.2                     ; 1223 MB             ; 00:00:34                           ;
; Assembler                 ; 00:00:15     ; 1.0                     ; 438 MB              ; 00:00:06                           ;
; TimeQuest Timing Analyzer ; 00:00:55     ; 1.0                     ; 565 MB              ; 00:00:05                           ;
; EDA Netlist Writer        ; 00:00:14     ; 1.0                     ; 407 MB              ; 00:00:02                           ;
; Total                     ; 00:02:49     ; --                      ; --                  ; 00:00:53                           ;
+---------------------------+--------------+-------------------------+---------------------+------------------------------------+


+----------------------------------------------------------------------------------------+
; Flow OS Summary                                                                        ;
+---------------------------+------------------+-----------+------------+----------------+
; Module Name               ; Machine Hostname ; OS Name   ; OS Version ; Processor type ;
+---------------------------+------------------+-----------+------------+----------------+
; Analysis & Synthesis      ; MUX4-12          ; Windows 7 ; 6.1        ; x86_64         ;
; Fitter                    ; MUX4-12          ; Windows 7 ; 6.1        ; x86_64         ;
; Assembler                 ; MUX4-12          ; Windows 7 ; 6.1        ; x86_64         ;
; TimeQuest Timing Analyzer ; MUX4-12          ; Windows 7 ; 6.1        ; x86_64         ;
; EDA Netlist Writer        ; MUX4-12          ; Windows 7 ; 6.1        ; x86_64         ;
+---------------------------+------------------+-----------+------------+----------------+


------------
; Flow Log ;
------------
quartus_map --read_settings_files=on --write_settings_files=off Sound -c Sound
quartus_fit --read_settings_files=off --write_settings_files=off Sound -c Sound
quartus_asm --read_settings_files=off --write_settings_files=off Sound -c Sound
quartus_sta Sound -c Sound
quartus_eda --read_settings_files=off --write_settings_files=off Sound -c Sound



