Analysis & Synthesis report for Sound
Mon Dec 11 16:43:05 2017
Quartus II 64-Bit Version 12.1 Build 243 01/31/2013 Service Pack 1.33 SJ Full Version


---------------------
; Table of Contents ;
---------------------
  1. Legal Notice
  2. Analysis & Synthesis Summary
  3. Analysis & Synthesis Settings
  4. Parallel Compilation
  5. Analysis & Synthesis Source Files Read
  6. Analysis & Synthesis Resource Usage Summary
  7. Analysis & Synthesis Resource Utilization by Entity
  8. Registers Removed During Synthesis
  9. Removed Registers Triggering Further Register Optimizations
 10. General Register Statistics
 11. Multiplexer Restructuring Statistics (Restructuring Performed)
 12. Elapsed Time Per Partition
 13. Analysis & Synthesis Messages



----------------
; Legal Notice ;
----------------
Copyright (C) 1991-2012 Altera Corporation
Your use of Altera Corporation's design tools, logic functions 
and other software and tools, and its AMPP partner logic 
functions, and any output files from any of the foregoing 
(including device programming or simulation files), and any 
associated documentation or information are expressly subject 
to the terms and conditions of the Altera Program License 
Subscription Agreement, Altera MegaCore Function License 
Agreement, or other applicable license agreement, including, 
without limitation, that your use is for the sole purpose of 
programming logic devices manufactured by Altera and sold by 
Altera or its authorized distributors.  Please refer to the 
applicable agreement for further details.



+----------------------------------------------------------------------------------------+
; Analysis & Synthesis Summary                                                           ;
+------------------------------------+---------------------------------------------------+
; Analysis & Synthesis Status        ; Successful - Mon Dec 11 16:43:05 2017             ;
; Quartus II 64-Bit Version          ; 12.1 Build 243 01/31/2013 SP 1.33 SJ Full Version ;
; Revision Name                      ; Sound                                             ;
; Top-level Entity Name              ; SndDriver                                         ;
; Family                             ; Cyclone IV E                                      ;
; Total logic elements               ; 41                                                ;
;     Total combinational functions  ; 25                                                ;
;     Dedicated logic registers      ; 36                                                ;
; Total registers                    ; 36                                                ;
; Total pins                         ; 73                                                ;
; Total virtual pins                 ; 0                                                 ;
; Total memory bits                  ; 0                                                 ;
; Embedded Multiplier 9-bit elements ; 0                                                 ;
; Total PLLs                         ; 0                                                 ;
+------------------------------------+---------------------------------------------------+


+----------------------------------------------------------------------------------------------------------------------+
; Analysis & Synthesis Settings                                                                                        ;
+----------------------------------------------------------------------------+--------------------+--------------------+
; Option                                                                     ; Setting            ; Default Value      ;
+----------------------------------------------------------------------------+--------------------+--------------------+
; Device                                                                     ; EP4CE115F29C7      ;                    ;
; Top-level entity name                                                      ; SndDriver          ; Sound              ;
; Family name                                                                ; Cyclone IV E       ; Cyclone IV GX      ;
; Optimization Technique                                                     ; Area               ; Balanced           ;
; Use smart compilation                                                      ; Off                ; Off                ;
; Enable parallel Assembler and TimeQuest Timing Analyzer during compilation ; On                 ; On                 ;
; Enable compact report table                                                ; Off                ; Off                ;
; Restructure Multiplexers                                                   ; Auto               ; Auto               ;
; Create Debugging Nodes for IP Cores                                        ; Off                ; Off                ;
; Preserve fewer node names                                                  ; On                 ; On                 ;
; Disable OpenCore Plus hardware evaluation                                  ; Off                ; Off                ;
; Verilog Version                                                            ; Verilog_2001       ; Verilog_2001       ;
; VHDL Version                                                               ; VHDL_1993          ; VHDL_1993          ;
; State Machine Processing                                                   ; Auto               ; Auto               ;
; Safe State Machine                                                         ; Off                ; Off                ;
; Extract Verilog State Machines                                             ; On                 ; On                 ;
; Extract VHDL State Machines                                                ; On                 ; On                 ;
; Ignore Verilog initial constructs                                          ; Off                ; Off                ;
; Iteration limit for constant Verilog loops                                 ; 5000               ; 5000               ;
; Iteration limit for non-constant Verilog loops                             ; 250                ; 250                ;
; Add Pass-Through Logic to Inferred RAMs                                    ; On                 ; On                 ;
; Infer RAMs from Raw Logic                                                  ; On                 ; On                 ;
; Parallel Synthesis                                                         ; On                 ; On                 ;
; DSP Block Balancing                                                        ; Auto               ; Auto               ;
; NOT Gate Push-Back                                                         ; On                 ; On                 ;
; Power-Up Don't Care                                                        ; On                 ; On                 ;
; Remove Redundant Logic Cells                                               ; Off                ; Off                ;
; Remove Duplicate Registers                                                 ; On                 ; On                 ;
; Ignore CARRY Buffers                                                       ; Off                ; Off                ;
; Ignore CASCADE Buffers                                                     ; Off                ; Off                ;
; Ignore GLOBAL Buffers                                                      ; Off                ; Off                ;
; Ignore ROW GLOBAL Buffers                                                  ; Off                ; Off                ;
; Ignore LCELL Buffers                                                       ; Off                ; Off                ;
; Ignore SOFT Buffers                                                        ; On                 ; On                 ;
; Limit AHDL Integers to 32 Bits                                             ; Off                ; Off                ;
; Carry Chain Length                                                         ; 70                 ; 70                 ;
; Auto Carry Chains                                                          ; On                 ; On                 ;
; Auto Open-Drain Pins                                                       ; On                 ; On                 ;
; Perform WYSIWYG Primitive Resynthesis                                      ; Off                ; Off                ;
; Auto ROM Replacement                                                       ; On                 ; On                 ;
; Auto RAM Replacement                                                       ; On                 ; On                 ;
; Auto DSP Block Replacement                                                 ; On                 ; On                 ;
; Auto Shift Register Replacement                                            ; Auto               ; Auto               ;
; Allow Shift Register Merging across Hierarchies                            ; Auto               ; Auto               ;
; Auto Clock Enable Replacement                                              ; On                 ; On                 ;
; Strict RAM Replacement                                                     ; Off                ; Off                ;
; Allow Synchronous Control Signals                                          ; On                 ; On                 ;
; Force Use of Synchronous Clear Signals                                     ; Off                ; Off                ;
; Auto RAM Block Balancing                                                   ; On                 ; On                 ;
; Auto RAM to Logic Cell Conversion                                          ; Off                ; Off                ;
; Auto Resource Sharing                                                      ; Off                ; Off                ;
; Allow Any RAM Size For Recognition                                         ; Off                ; Off                ;
; Allow Any ROM Size For Recognition                                         ; Off                ; Off                ;
; Allow Any Shift Register Size For Recognition                              ; Off                ; Off                ;
; Use LogicLock Constraints during Resource Balancing                        ; On                 ; On                 ;
; Ignore translate_off and synthesis_off directives                          ; Off                ; Off                ;
; Timing-Driven Synthesis                                                    ; On                 ; On                 ;
; Report Parameter Settings                                                  ; On                 ; On                 ;
; Report Source Assignments                                                  ; On                 ; On                 ;
; Report Connectivity Checks                                                 ; On                 ; On                 ;
; Ignore Maximum Fan-Out Assignments                                         ; Off                ; Off                ;
; Synchronization Register Chain Length                                      ; 2                  ; 2                  ;
; PowerPlay Power Optimization                                               ; Normal compilation ; Normal compilation ;
; HDL message level                                                          ; Level2             ; Level2             ;
; Suppress Register Optimization Related Messages                            ; Off                ; Off                ;
; Number of Removed Registers Reported in Synthesis Report                   ; 5000               ; 5000               ;
; Number of Swept Nodes Reported in Synthesis Report                         ; 5000               ; 5000               ;
; Number of Inverted Registers Reported in Synthesis Report                  ; 100                ; 100                ;
; Clock MUX Protection                                                       ; On                 ; On                 ;
; Auto Gated Clock Conversion                                                ; Off                ; Off                ;
; Block Design Naming                                                        ; Auto               ; Auto               ;
; SDC constraint protection                                                  ; Off                ; Off                ;
; Synthesis Effort                                                           ; Auto               ; Auto               ;
; Shift Register Replacement - Allow Asynchronous Clear Signal               ; On                 ; On                 ;
; Pre-Mapping Resynthesis Optimization                                       ; Off                ; Off                ;
; Analysis & Synthesis Message Level                                         ; Medium             ; Medium             ;
; Disable Register Merging Across Hierarchies                                ; Auto               ; Auto               ;
; Resource Aware Inference For Block RAM                                     ; On                 ; On                 ;
; Synthesis Seed                                                             ; 1                  ; 1                  ;
+----------------------------------------------------------------------------+--------------------+--------------------+


+------------------------------------------+
; Parallel Compilation                     ;
+----------------------------+-------------+
; Processors                 ; Number      ;
+----------------------------+-------------+
; Number detected on machine ; 4           ;
; Maximum allowed            ; 4           ;
;                            ;             ;
; Average used               ; 1.00        ;
; Maximum used               ; 1           ;
;                            ;             ;
; Usage by Processor         ; % Time Used ;
;     1 processor            ; 100.0%      ;
;     2-4 processors         ;   0.0%      ;
+----------------------------+-------------+


+----------------------------------------------------------------------------------------------------------------------------------------------------------+
; Analysis & Synthesis Source Files Read                                                                                                                   ;
+----------------------------------+-----------------+------------------------------------+------------------------------------------------------+---------+
; File Name with User-Entered Path ; Used in Netlist ; File Type                          ; File Name with Absolute Path                         ; Library ;
+----------------------------------+-----------------+------------------------------------+------------------------------------------------------+---------+
; SndDriver.bdf                    ; yes             ; User Block Diagram/Schematic File  ; C:/Users/teral436/Desktop/Lab4_Audio/SndDriver.bdf   ;         ;
; ctrl.vhd                         ; yes             ; User VHDL File                     ; C:/Users/teral436/Desktop/Lab4_Audio/ctrl.vhd        ;         ;
; Channel_Mod.vhd                  ; yes             ; User VHDL File                     ; C:/Users/teral436/Desktop/Lab4_Audio/Channel_Mod.vhd ;         ;
; mux_audio.vhd                    ; yes             ; User VHDL File                     ; C:/Users/teral436/Desktop/Lab4_Audio/mux_audio.vhd   ;         ;
+----------------------------------+-----------------+------------------------------------+------------------------------------------------------+---------+


+-----------------------------------------------------+
; Analysis & Synthesis Resource Usage Summary         ;
+---------------------------------------------+-------+
; Resource                                    ; Usage ;
+---------------------------------------------+-------+
; Estimated Total logic elements              ; 41    ;
;                                             ;       ;
; Total combinational functions               ; 25    ;
; Logic element usage by number of LUT inputs ;       ;
;     -- 4 input functions                    ; 4     ;
;     -- 3 input functions                    ; 2     ;
;     -- <=2 input functions                  ; 19    ;
;                                             ;       ;
; Logic elements by mode                      ;       ;
;     -- normal mode                          ; 13    ;
;     -- arithmetic mode                      ; 12    ;
;                                             ;       ;
; Total registers                             ; 36    ;
;     -- Dedicated logic registers            ; 36    ;
;     -- I/O registers                        ; 0     ;
;                                             ;       ;
; I/O pins                                    ; 73    ;
; Embedded Multiplier 9-bit elements          ; 0     ;
; Maximum fan-out                             ; 36    ;
; Total fan-out                               ; 284   ;
; Average fan-out                             ; 1.37  ;
+---------------------------------------------+-------+


+--------------------------------------------------------------------------------------------------------------------------------------------------------------------------------------+
; Analysis & Synthesis Resource Utilization by Entity                                                                                                                                  ;
+----------------------------+-------------------+--------------+-------------+--------------+---------+-----------+------+--------------+------------------------------+--------------+
; Compilation Hierarchy Node ; LC Combinationals ; LC Registers ; Memory Bits ; DSP Elements ; DSP 9x9 ; DSP 18x18 ; Pins ; Virtual Pins ; Full Hierarchy Name          ; Library Name ;
+----------------------------+-------------------+--------------+-------------+--------------+---------+-----------+------+--------------+------------------------------+--------------+
; |SndDriver                 ; 25 (0)            ; 36 (0)       ; 0           ; 0            ; 0       ; 0         ; 73   ; 0            ; |SndDriver                   ;              ;
;    |Channel_Mod:inst1|     ; 1 (1)             ; 16 (16)      ; 0           ; 0            ; 0       ; 0         ; 0    ; 0            ; |SndDriver|Channel_Mod:inst1 ;              ;
;    |Ctrl:inst|             ; 24 (24)           ; 20 (20)      ; 0           ; 0            ; 0       ; 0         ; 0    ; 0            ; |SndDriver|Ctrl:inst         ;              ;
+----------------------------+-------------------+--------------+-------------+--------------+---------+-----------+------+--------------+------------------------------+--------------+
Note: For table entries with two numbers listed, the numbers in parentheses indicate the number of resources of the given type used by the specific entity alone. The numbers listed outside of parentheses indicate the total resources of the given type used by the specific entity and all of its sub-entities in the hierarchy.


+--------------------------------------------------------------------------------------+
; Registers Removed During Synthesis                                                   ;
+----------------------------------------+---------------------------------------------+
; Register name                          ; Reason for Removal                          ;
+----------------------------------------+---------------------------------------------+
; Channel_Mod:inst2|RXReg[0..15]         ; Stuck at GND due to stuck port clock_enable ;
; Channel_Mod:inst2|TXReg[0..15]         ; Lost fanout                                 ;
; Channel_Mod:inst2|dacdat               ; Stuck at GND due to stuck port data_in      ;
; Channel_Mod:inst1|TXReg[0..15]         ; Stuck at GND due to stuck port data_in      ;
; Channel_Mod:inst1|dacdat               ; Stuck at GND due to stuck port data_in      ;
; Total Number of Removed Registers = 50 ;                                             ;
+----------------------------------------+---------------------------------------------+


+----------------------------------------------------------------------------------------------------------------------------------------------+
; Removed Registers Triggering Further Register Optimizations                                                                                  ;
+----------------------------+---------------------------+-------------------------------------------------------------------------------------+
; Register name              ; Reason for Removal        ; Registers Removed due to This Register                                              ;
+----------------------------+---------------------------+-------------------------------------------------------------------------------------+
; Channel_Mod:inst1|TXReg[0] ; Stuck at GND              ; Channel_Mod:inst1|TXReg[1], Channel_Mod:inst1|TXReg[2], Channel_Mod:inst1|TXReg[3], ;
;                            ; due to stuck port data_in ; Channel_Mod:inst1|TXReg[4], Channel_Mod:inst1|TXReg[5], Channel_Mod:inst1|TXReg[6], ;
;                            ;                           ; Channel_Mod:inst1|TXReg[7], Channel_Mod:inst1|TXReg[8], Channel_Mod:inst1|TXReg[9], ;
;                            ;                           ; Channel_Mod:inst1|TXReg[10], Channel_Mod:inst1|TXReg[11],                           ;
;                            ;                           ; Channel_Mod:inst1|TXReg[12], Channel_Mod:inst1|TXReg[13],                           ;
;                            ;                           ; Channel_Mod:inst1|TXReg[14], Channel_Mod:inst1|TXReg[15], Channel_Mod:inst1|dacdat  ;
+----------------------------+---------------------------+-------------------------------------------------------------------------------------+


+------------------------------------------------------+
; General Register Statistics                          ;
+----------------------------------------------+-------+
; Statistic                                    ; Value ;
+----------------------------------------------+-------+
; Total registers                              ; 36    ;
; Number of registers using Synchronous Clear  ; 5     ;
; Number of registers using Synchronous Load   ; 0     ;
; Number of registers using Asynchronous Clear ; 34    ;
; Number of registers using Asynchronous Load  ; 0     ;
; Number of registers using Clock Enable       ; 25    ;
; Number of registers using Preset             ; 0     ;
+----------------------------------------------+-------+


+------------------------------------------------------------------------------------------------------------------------------------------------------+
; Multiplexer Restructuring Statistics (Restructuring Performed)                                                                                       ;
+--------------------+-----------+---------------+----------------------+------------------------+------------+----------------------------------------+
; Multiplexer Inputs ; Bus Width ; Baseline Area ; Area if Restructured ; Saving if Restructured ; Registered ; Example Multiplexer Output             ;
+--------------------+-----------+---------------+----------------------+------------------------+------------+----------------------------------------+
; 3:1                ; 15 bits   ; 30 LEs        ; 15 LEs               ; 15 LEs                 ; Yes        ; |SndDriver|Channel_Mod:inst1|TXReg[15] ;
; 3:1                ; 2 bits    ; 4 LEs         ; 2 LEs                ; 2 LEs                  ; Yes        ; |SndDriver|Ctrl:inst|SCCnt_temp[1]     ;
; 3:1                ; 5 bits    ; 10 LEs        ; 5 LEs                ; 5 LEs                  ; Yes        ; |SndDriver|Ctrl:inst|BitCnt_temp[4]    ;
+--------------------+-----------+---------------+----------------------+------------------------+------------+----------------------------------------+


+-------------------------------+
; Elapsed Time Per Partition    ;
+----------------+--------------+
; Partition Name ; Elapsed Time ;
+----------------+--------------+
; Top            ; 00:00:00     ;
+----------------+--------------+


+-------------------------------+
; Analysis & Synthesis Messages ;
+-------------------------------+
Info: *******************************************************************
Info: Running Quartus II 64-Bit Analysis & Synthesis
    Info: Version 12.1 Build 243 01/31/2013 Service Pack 1.33 SJ Full Version
    Info: Processing started: Mon Dec 11 16:43:02 2017
Info: Command: quartus_map --read_settings_files=on --write_settings_files=off Sound -c Sound
Info (20030): Parallel compilation is enabled and will use 4 of the 4 processors detected
Info (12021): Found 2 design units, including 1 entities, in source file group_no.vhd
    Info (12022): Found design unit 1: group_no-RTL
    Info (12023): Found entity 1: group_no
Info (12021): Found 1 design units, including 1 entities, in source file sound.bdf
    Info (12023): Found entity 1: Sound
Info (12021): Found 6 design units, including 3 entities, in source file application.vhd
    Info (12022): Found design unit 1: Application-rtl
    Info (12022): Found design unit 2: PSAC-rtl
    Info (12022): Found design unit 3: POLY_ROM-rtl
    Info (12023): Found entity 1: Application
    Info (12023): Found entity 2: PSAC
    Info (12023): Found entity 3: POLY_ROM
Info (12021): Found 1 design units, including 1 entities, in source file snddriver.bdf
    Info (12023): Found entity 1: SndDriver
Info (12021): Found 2 design units, including 1 entities, in source file ctrl.vhd
    Info (12022): Found design unit 1: Ctrl-arch
    Info (12023): Found entity 1: Ctrl
Info (12021): Found 2 design units, including 1 entities, in source file channel_mod.vhd
    Info (12022): Found design unit 1: Channel_Mod-arch2
    Info (12023): Found entity 1: Channel_Mod
Info (12021): Found 2 design units, including 1 entities, in source file mux_audio.vhd
    Info (12022): Found design unit 1: mux_audio-arch
    Info (12023): Found entity 1: mux_audio
Info (12127): Elaborating entity "SndDriver" for the top level hierarchy
Warning (275043): Pin "lrsel" is missing source
Info (12128): Elaborating entity "mux_audio" for hierarchy "mux_audio:inst5"
Info (12128): Elaborating entity "Channel_Mod" for hierarchy "Channel_Mod:inst1"
Info (12128): Elaborating entity "Ctrl" for hierarchy "Ctrl:inst"
Warning (13024): Output pins are stuck at VCC or GND
    Warning (13410): Pin "dacdat" is stuck at GND
    Warning (13410): Pin "lrsel" is stuck at GND
    Warning (13410): Pin "RADC[15]" is stuck at GND
    Warning (13410): Pin "RADC[14]" is stuck at GND
    Warning (13410): Pin "RADC[13]" is stuck at GND
    Warning (13410): Pin "RADC[12]" is stuck at GND
    Warning (13410): Pin "RADC[11]" is stuck at GND
    Warning (13410): Pin "RADC[10]" is stuck at GND
    Warning (13410): Pin "RADC[9]" is stuck at GND
    Warning (13410): Pin "RADC[8]" is stuck at GND
    Warning (13410): Pin "RADC[7]" is stuck at GND
    Warning (13410): Pin "RADC[6]" is stuck at GND
    Warning (13410): Pin "RADC[5]" is stuck at GND
    Warning (13410): Pin "RADC[4]" is stuck at GND
    Warning (13410): Pin "RADC[3]" is stuck at GND
    Warning (13410): Pin "RADC[2]" is stuck at GND
    Warning (13410): Pin "RADC[1]" is stuck at GND
    Warning (13410): Pin "RADC[0]" is stuck at GND
Info (17049): 16 registers lost all their fanouts during netlist optimizations.
Info (16010): Generating hard_block partition "hard_block:auto_generated_inst"
    Info (16011): Adding 0 node(s), including 0 DDIO, 0 PLL, 0 transceiver and 0 LCELL
Warning (21074): Design contains 32 input pin(s) that do not drive logic
    Warning (15610): No output dependent on input pin "RDAC[15]"
    Warning (15610): No output dependent on input pin "RDAC[14]"
    Warning (15610): No output dependent on input pin "RDAC[13]"
    Warning (15610): No output dependent on input pin "RDAC[12]"
    Warning (15610): No output dependent on input pin "RDAC[11]"
    Warning (15610): No output dependent on input pin "RDAC[10]"
    Warning (15610): No output dependent on input pin "RDAC[9]"
    Warning (15610): No output dependent on input pin "RDAC[8]"
    Warning (15610): No output dependent on input pin "RDAC[7]"
    Warning (15610): No output dependent on input pin "RDAC[6]"
    Warning (15610): No output dependent on input pin "RDAC[5]"
    Warning (15610): No output dependent on input pin "RDAC[4]"
    Warning (15610): No output dependent on input pin "RDAC[3]"
    Warning (15610): No output dependent on input pin "RDAC[2]"
    Warning (15610): No output dependent on input pin "RDAC[1]"
    Warning (15610): No output dependent on input pin "RDAC[0]"
    Warning (15610): No output dependent on input pin "LDAC[0]"
    Warning (15610): No output dependent on input pin "LDAC[15]"
    Warning (15610): No output dependent on input pin "LDAC[14]"
    Warning (15610): No output dependent on input pin "LDAC[13]"
    Warning (15610): No output dependent on input pin "LDAC[12]"
    Warning (15610): No output dependent on input pin "LDAC[11]"
    Warning (15610): No output dependent on input pin "LDAC[10]"
    Warning (15610): No output dependent on input pin "LDAC[9]"
    Warning (15610): No output dependent on input pin "LDAC[8]"
    Warning (15610): No output dependent on input pin "LDAC[7]"
    Warning (15610): No output dependent on input pin "LDAC[6]"
    Warning (15610): No output dependent on input pin "LDAC[5]"
    Warning (15610): No output dependent on input pin "LDAC[4]"
    Warning (15610): No output dependent on input pin "LDAC[3]"
    Warning (15610): No output dependent on input pin "LDAC[2]"
    Warning (15610): No output dependent on input pin "LDAC[1]"
Info (21057): Implemented 114 device resources after synthesis - the final resource count might be different
    Info (21058): Implemented 35 input pins
    Info (21059): Implemented 38 output pins
    Info (21061): Implemented 41 logic cells
Info: Quartus II 64-Bit Analysis & Synthesis was successful. 0 errors, 53 warnings
    Info: Peak virtual memory: 493 megabytes
    Info: Processing ended: Mon Dec 11 16:43:05 2017
    Info: Elapsed time: 00:00:03
    Info: Total CPU time (on all processors): 00:00:02


