Flow report for VGA_contr
Mon Dec 11 14:28:14 2017
Quartus II 64-Bit Version 12.1 Build 243 01/31/2013 Service Pack 1.33 SJ Full Version


---------------------
; Table of Contents ;
---------------------
  1. Legal Notice
  2. Flow Summary
  3. Flow Settings
  4. Flow Non-Default Global Settings
  5. Flow Elapsed Time
  6. Flow OS Summary
  7. Flow Log



----------------
; Legal Notice ;
----------------
Copyright (C) 1991-2012 Altera Corporation
Your use of Altera Corporation's design tools, logic functions 
and other software and tools, and its AMPP partner logic 
functions, and any output files from any of the foregoing 
(including device programming or simulation files), and any 
associated documentation or information are expressly subject 
to the terms and conditions of the Altera Program License 
Subscription Agreement, Altera MegaCore Function License 
Agreement, or other applicable license agreement, including, 
without limitation, that your use is for the sole purpose of 
programming logic devices manufactured by Altera and sold by 
Altera or its authorized distributors.  Please refer to the 
applicable agreement for further details.



+----------------------------------------------------------------------------------------+
; Flow Summary                                                                           ;
+------------------------------------+---------------------------------------------------+
; Flow Status                        ; Successful - Mon Dec 11 14:27:36 2017             ;
; Quartus II 64-Bit Version          ; 12.1 Build 243 01/31/2013 SP 1.33 SJ Full Version ;
; Revision Name                      ; VGA_contr                                         ;
; Top-level Entity Name              ; VGA_contr                                         ;
; Family                             ; Cyclone IV E                                      ;
; Device                             ; EP4CE115F29C7                                     ;
; Timing Models                      ; Final                                             ;
; Total logic elements               ; 98 / 114,480 ( < 1 % )                            ;
;     Total combinational functions  ; 94 / 114,480 ( < 1 % )                            ;
;     Dedicated logic registers      ; 57 / 114,480 ( < 1 % )                            ;
; Total registers                    ; 57                                                ;
; Total pins                         ; 87 / 529 ( 16 % )                                 ;
; Total virtual pins                 ; 0                                                 ;
; Total memory bits                  ; 0 / 3,981,312 ( 0 % )                             ;
; Embedded Multiplier 9-bit elements ; 0 / 532 ( 0 % )                                   ;
; Total PLLs                         ; 0 / 4 ( 0 % )                                     ;
+------------------------------------+---------------------------------------------------+


+-----------------------------------------+
; Flow Settings                           ;
+-------------------+---------------------+
; Option            ; Setting             ;
+-------------------+---------------------+
; Start date & time ; 12/11/2017 14:26:24 ;
; Main task         ; Compilation         ;
; Revision Name     ; VGA_contr           ;
+-------------------+---------------------+


+----------------------------------------------------------------------------------------------------------------------+
; Flow Non-Default Global Settings                                                                                     ;
+-------------------------------------+---------------------------------+---------------+-------------+----------------+
; Assignment Name                     ; Value                           ; Default Value ; Entity Name ; Section Id     ;
+-------------------------------------+---------------------------------+---------------+-------------+----------------+
; COMPILER_SIGNATURE_ID               ; 159303459275046.151299878206636 ; --            ; --          ; --             ;
; IP_TOOL_NAME                        ; ALTPLL                          ; --            ; --          ; --             ;
; IP_TOOL_VERSION                     ; 12.1                            ; --            ; --          ; --             ;
; MAX_CORE_JUNCTION_TEMP              ; 85                              ; --            ; --          ; --             ;
; MIN_CORE_JUNCTION_TEMP              ; 0                               ; --            ; --          ; --             ;
; MISC_FILE                           ; PLL.bsf                         ; --            ; --          ; --             ;
; MISC_FILE                           ; PLL_inst.vhd                    ; --            ; --          ; --             ;
; MISC_FILE                           ; PLL.cmp                         ; --            ; --          ; --             ;
; MISC_FILE                           ; PLL.ppf                         ; --            ; --          ; --             ;
; PARTITION_COLOR                     ; 16764057                        ; --            ; --          ; Top            ;
; PARTITION_FITTER_PRESERVATION_LEVEL ; PLACEMENT_AND_ROUTING           ; --            ; --          ; Top            ;
; PARTITION_NETLIST_TYPE              ; SOURCE                          ; --            ; --          ; Top            ;
; USE_GENERATED_PHYSICAL_CONSTRAINTS  ; Off                             ; --            ; --          ; eda_blast_fpga ;
+-------------------------------------+---------------------------------+---------------+-------------+----------------+


+-------------------------------------------------------------------------------------------------------------------------------+
; Flow Elapsed Time                                                                                                             ;
+---------------------------+--------------+-------------------------+---------------------+------------------------------------+
; Module Name               ; Elapsed Time ; Average Processors Used ; Peak Virtual Memory ; Total CPU Time (on all processors) ;
+---------------------------+--------------+-------------------------+---------------------+------------------------------------+
; Analysis & Synthesis      ; 00:00:27     ; 1.0                     ; 493 MB              ; 00:00:04                           ;
; Fitter                    ; 00:00:26     ; 2.2                     ; 1119 MB             ; 00:00:23                           ;
; Assembler                 ; 00:00:16     ; 1.0                     ; 447 MB              ; 00:00:06                           ;
; TimeQuest Timing Analyzer ; 00:00:36     ; 1.0                     ; 548 MB              ; 00:00:04                           ;
; Total                     ; 00:01:45     ; --                      ; --                  ; 00:00:37                           ;
+---------------------------+--------------+-------------------------+---------------------+------------------------------------+


+----------------------------------------------------------------------------------------+
; Flow OS Summary                                                                        ;
+---------------------------+------------------+-----------+------------+----------------+
; Module Name               ; Machine Hostname ; OS Name   ; OS Version ; Processor type ;
+---------------------------+------------------+-----------+------------+----------------+
; Analysis & Synthesis      ; MUX4-02          ; Windows 7 ; 6.1        ; x86_64         ;
; Fitter                    ; MUX4-02          ; Windows 7 ; 6.1        ; x86_64         ;
; Assembler                 ; MUX4-02          ; Windows 7 ; 6.1        ; x86_64         ;
; TimeQuest Timing Analyzer ; MUX4-02          ; Windows 7 ; 6.1        ; x86_64         ;
+---------------------------+------------------+-----------+------------+----------------+


------------
; Flow Log ;
------------
quartus_map --read_settings_files=on --write_settings_files=off VGA_contr -c VGA_contr
quartus_fit --read_settings_files=off --write_settings_files=off VGA_contr -c VGA_contr
quartus_asm --read_settings_files=off --write_settings_files=off VGA_contr -c VGA_contr
quartus_sta VGA_contr -c VGA_contr



