Flow report for Soundpad
Fri Nov 17 13:00:33 2017
Quartus II 64-Bit Version 12.1 Build 243 01/31/2013 Service Pack 1.33 SJ Full Version


---------------------
; Table of Contents ;
---------------------
  1. Legal Notice
  2. Flow Summary
  3. Flow Settings
  4. Flow Non-Default Global Settings
  5. Flow Elapsed Time
  6. Flow OS Summary
  7. Flow Log



----------------
; Legal Notice ;
----------------
Copyright (C) 1991-2012 Altera Corporation
Your use of Altera Corporation's design tools, logic functions 
and other software and tools, and its AMPP partner logic 
functions, and any output files from any of the foregoing 
(including device programming or simulation files), and any 
associated documentation or information are expressly subject 
to the terms and conditions of the Altera Program License 
Subscription Agreement, Altera MegaCore Function License 
Agreement, or other applicable license agreement, including, 
without limitation, that your use is for the sole purpose of 
programming logic devices manufactured by Altera and sold by 
Altera or its authorized distributors.  Please refer to the 
applicable agreement for further details.



+----------------------------------------------------------------------------------------+
; Flow Summary                                                                           ;
+------------------------------------+---------------------------------------------------+
; Flow Status                        ; Successful - Fri Nov 17 13:00:33 2017             ;
; Quartus II 64-Bit Version          ; 12.1 Build 243 01/31/2013 SP 1.33 SJ Full Version ;
; Revision Name                      ; Soundpad                                          ;
; Top-level Entity Name              ; Soundpad                                          ;
; Family                             ; Cyclone IV E                                      ;
; Device                             ; EP4CE115F29C7                                     ;
; Timing Models                      ; Final                                             ;
; Total logic elements               ; 3,067 / 114,480 ( 3 % )                           ;
;     Total combinational functions  ; 3,012 / 114,480 ( 3 % )                           ;
;     Dedicated logic registers      ; 589 / 114,480 ( < 1 % )                           ;
; Total registers                    ; 589                                               ;
; Total pins                         ; 82 / 529 ( 16 % )                                 ;
; Total virtual pins                 ; 0                                                 ;
; Total memory bits                  ; 0 / 3,981,312 ( 0 % )                             ;
; Embedded Multiplier 9-bit elements ; 10 / 532 ( 2 % )                                  ;
; Total PLLs                         ; 0 / 4 ( 0 % )                                     ;
+------------------------------------+---------------------------------------------------+


+-----------------------------------------+
; Flow Settings                           ;
+-------------------+---------------------+
; Option            ; Setting             ;
+-------------------+---------------------+
; Start date & time ; 11/17/2017 12:59:23 ;
; Main task         ; Compilation         ;
; Revision Name     ; Soundpad            ;
+-------------------+---------------------+


+----------------------------------------------------------------------------------------------------------------------------+
; Flow Non-Default Global Settings                                                                                           ;
+-------------------------------------+---------------------------------------+---------------+-------------+----------------+
; Assignment Name                     ; Value                                 ; Default Value ; Entity Name ; Section Id     ;
+-------------------------------------+---------------------------------------+---------------+-------------+----------------+
; COMPILER_SIGNATURE_ID               ; 159303459275595.151091996204268       ; --            ; --          ; --             ;
; EDA_OUTPUT_DATA_FORMAT              ; Vhdl                                  ; --            ; --          ; eda_simulation ;
; EDA_SIMULATION_TOOL                 ; ModelSim (VHDL)                       ; <None>        ; --          ; --             ;
; EDA_TIME_SCALE                      ; 1 ps                                  ; --            ; --          ; eda_simulation ;
; MAX_CORE_JUNCTION_TEMP              ; 85                                    ; --            ; --          ; --             ;
; MIN_CORE_JUNCTION_TEMP              ; 0                                     ; --            ; --          ; --             ;
; NOMINAL_CORE_SUPPLY_VOLTAGE         ; 1.2V                                  ; --            ; --          ; --             ;
; PARTITION_COLOR                     ; 16764057                              ; --            ; --          ; Top            ;
; PARTITION_FITTER_PRESERVATION_LEVEL ; PLACEMENT_AND_ROUTING                 ; --            ; --          ; Top            ;
; PARTITION_NETLIST_TYPE              ; SOURCE                                ; --            ; --          ; Top            ;
; POWER_BOARD_THERMAL_MODEL           ; None (CONSERVATIVE)                   ; --            ; --          ; --             ;
; POWER_PRESET_COOLING_SOLUTION       ; 23 MM HEAT SINK WITH 200 LFPM AIRFLOW ; --            ; --          ; --             ;
; PROJECT_OUTPUT_DIRECTORY            ; output_files                          ; --            ; --          ; --             ;
+-------------------------------------+---------------------------------------+---------------+-------------+----------------+


+-------------------------------------------------------------------------------------------------------------------------------+
; Flow Elapsed Time                                                                                                             ;
+---------------------------+--------------+-------------------------+---------------------+------------------------------------+
; Module Name               ; Elapsed Time ; Average Processors Used ; Peak Virtual Memory ; Total CPU Time (on all processors) ;
+---------------------------+--------------+-------------------------+---------------------+------------------------------------+
; Analysis & Synthesis      ; 00:00:14     ; 1.0                     ; 573 MB              ; 00:00:11                           ;
; Fitter                    ; 00:00:32     ; 2.8                     ; 1159 MB             ; 00:00:45                           ;
; Assembler                 ; 00:00:07     ; 1.0                     ; 438 MB              ; 00:00:05                           ;
; TimeQuest Timing Analyzer ; 00:00:08     ; 2.6                     ; 638 MB              ; 00:00:07                           ;
; EDA Netlist Writer        ; 00:00:07     ; 1.0                     ; 433 MB              ; 00:00:04                           ;
; Total                     ; 00:01:08     ; --                      ; --                  ; 00:01:12                           ;
+---------------------------+--------------+-------------------------+---------------------+------------------------------------+


+----------------------------------------------------------------------------------------+
; Flow OS Summary                                                                        ;
+---------------------------+------------------+-----------+------------+----------------+
; Module Name               ; Machine Hostname ; OS Name   ; OS Version ; Processor type ;
+---------------------------+------------------+-----------+------------+----------------+
; Analysis & Synthesis      ; GRINDEN-02       ; Windows 7 ; 6.1        ; x86_64         ;
; Fitter                    ; GRINDEN-02       ; Windows 7 ; 6.1        ; x86_64         ;
; Assembler                 ; GRINDEN-02       ; Windows 7 ; 6.1        ; x86_64         ;
; TimeQuest Timing Analyzer ; GRINDEN-02       ; Windows 7 ; 6.1        ; x86_64         ;
; EDA Netlist Writer        ; GRINDEN-02       ; Windows 7 ; 6.1        ; x86_64         ;
+---------------------------+------------------+-----------+------------+----------------+


------------
; Flow Log ;
------------
quartus_map --read_settings_files=on --write_settings_files=off Soundpad -c Soundpad
quartus_fit --read_settings_files=off --write_settings_files=off Soundpad -c Soundpad
quartus_asm --read_settings_files=off --write_settings_files=off Soundpad -c Soundpad
quartus_sta Soundpad -c Soundpad
quartus_eda --read_settings_files=off --write_settings_files=off Soundpad -c Soundpad



