Flow report for Lab2_KB
Wed Sep 13 19:36:47 2017
Quartus II 32-bit Version 12.1 Build 243 01/31/2013 Service Pack 1.33 SJ Full Version


---------------------
; Table of Contents ;
---------------------
  1. Legal Notice
  2. Flow Summary
  3. Flow Settings
  4. Flow Non-Default Global Settings
  5. Flow Elapsed Time
  6. Flow OS Summary
  7. Flow Log



----------------
; Legal Notice ;
----------------
Copyright (C) 1991-2012 Altera Corporation
Your use of Altera Corporation's design tools, logic functions 
and other software and tools, and its AMPP partner logic 
functions, and any output files from any of the foregoing 
(including device programming or simulation files), and any 
associated documentation or information are expressly subject 
to the terms and conditions of the Altera Program License 
Subscription Agreement, Altera MegaCore Function License 
Agreement, or other applicable license agreement, including, 
without limitation, that your use is for the sole purpose of 
programming logic devices manufactured by Altera and sold by 
Altera or its authorized distributors.  Please refer to the 
applicable agreement for further details.



+----------------------------------------------------------------------------------------+
; Flow Summary                                                                           ;
+------------------------------------+---------------------------------------------------+
; Flow Status                        ; Successful - Wed Sep 13 19:36:25 2017             ;
; Quartus II 32-bit Version          ; 12.1 Build 243 01/31/2013 SP 1.33 SJ Full Version ;
; Revision Name                      ; Lab2_KB                                           ;
; Top-level Entity Name              ; Lab2_KB                                           ;
; Family                             ; Cyclone IV E                                      ;
; Device                             ; EP4CE115F29C7                                     ;
; Timing Models                      ; Final                                             ;
; Total logic elements               ; 40 / 114,480 ( < 1 % )                            ;
;     Total combinational functions  ; 34 / 114,480 ( < 1 % )                            ;
;     Dedicated logic registers      ; 13 / 114,480 ( < 1 % )                            ;
; Total registers                    ; 13                                                ;
; Total pins                         ; 33 / 529 ( 6 % )                                  ;
; Total virtual pins                 ; 0                                                 ;
; Total memory bits                  ; 0 / 3,981,312 ( 0 % )                             ;
; Embedded Multiplier 9-bit elements ; 0 / 532 ( 0 % )                                   ;
; Total PLLs                         ; 0 / 4 ( 0 % )                                     ;
+------------------------------------+---------------------------------------------------+


+-----------------------------------------+
; Flow Settings                           ;
+-------------------+---------------------+
; Option            ; Setting             ;
+-------------------+---------------------+
; Start date & time ; 09/13/2017 19:35:30 ;
; Main task         ; Compilation         ;
; Revision Name     ; Lab2_KB             ;
+-------------------+---------------------+


+------------------------------------------------------------------------------------------------------------------+
; Flow Non-Default Global Settings                                                                                 ;
+-------------------------------------+---------------------------------+---------------+-------------+------------+
; Assignment Name                     ; Value                           ; Default Value ; Entity Name ; Section Id ;
+-------------------------------------+---------------------------------+---------------+-------------+------------+
; COMPILER_SIGNATURE_ID               ; 159303458918477.150532412905648 ; --            ; --          ; --         ;
; MAX_CORE_JUNCTION_TEMP              ; 85                              ; --            ; --          ; --         ;
; MIN_CORE_JUNCTION_TEMP              ; 0                               ; --            ; --          ; --         ;
; NOMINAL_CORE_SUPPLY_VOLTAGE         ; 1.2V                            ; --            ; --          ; --         ;
; PARTITION_COLOR                     ; 16764057                        ; --            ; --          ; Top        ;
; PARTITION_FITTER_PRESERVATION_LEVEL ; PLACEMENT_AND_ROUTING           ; --            ; --          ; Top        ;
; PARTITION_NETLIST_TYPE              ; SOURCE                          ; --            ; --          ; Top        ;
; PROJECT_OUTPUT_DIRECTORY            ; output_files                    ; --            ; --          ; --         ;
+-------------------------------------+---------------------------------+---------------+-------------+------------+


+-------------------------------------------------------------------------------------------------------------------------------+
; Flow Elapsed Time                                                                                                             ;
+---------------------------+--------------+-------------------------+---------------------+------------------------------------+
; Module Name               ; Elapsed Time ; Average Processors Used ; Peak Virtual Memory ; Total CPU Time (on all processors) ;
+---------------------------+--------------+-------------------------+---------------------+------------------------------------+
; Analysis & Synthesis      ; 00:00:13     ; 1.0                     ; 374 MB              ; 00:00:03                           ;
; Fitter                    ; 00:00:25     ; 2.5                     ; 683 MB              ; 00:00:22                           ;
; Assembler                 ; 00:00:13     ; 1.0                     ; 358 MB              ; 00:00:07                           ;
; TimeQuest Timing Analyzer ; 00:00:20     ; 1.0                     ; 413 MB              ; 00:00:04                           ;
; Total                     ; 00:01:11     ; --                      ; --                  ; 00:00:36                           ;
+---------------------------+--------------+-------------------------+---------------------+------------------------------------+


+----------------------------------------------------------------------------------------+
; Flow OS Summary                                                                        ;
+---------------------------+------------------+-----------+------------+----------------+
; Module Name               ; Machine Hostname ; OS Name   ; OS Version ; Processor type ;
+---------------------------+------------------+-----------+------------+----------------+
; Analysis & Synthesis      ; MUX4-10          ; Windows 7 ; 6.1        ; x86_64         ;
; Fitter                    ; MUX4-10          ; Windows 7 ; 6.1        ; x86_64         ;
; Assembler                 ; MUX4-10          ; Windows 7 ; 6.1        ; x86_64         ;
; TimeQuest Timing Analyzer ; MUX4-10          ; Windows 7 ; 6.1        ; x86_64         ;
+---------------------------+------------------+-----------+------------+----------------+


------------
; Flow Log ;
------------
quartus_map --read_settings_files=on --write_settings_files=off Lab2_KB -c Lab2_KB
quartus_fit --read_settings_files=off --write_settings_files=off Lab2_KB -c Lab2_KB
quartus_asm --read_settings_files=off --write_settings_files=off Lab2_KB -c Lab2_KB
quartus_sta Lab2_KB -c Lab2_KB



